2025-10-23 13:18:27,320 [INFO] Activator:176 - 


2025-10-23 13:18:27,323 [INFO] Activator:177 - !SESSION log4j initialized
2025-10-23 13:18:34,314 [INFO] LogOutputStream:77 - [STDOUT_REDIRECT] 
2025-10-23 13:18:39,216 [INFO] ApplicationProperties:184 - Using Application install path: /opt/st/stm32cubeide_1.19.0/plugins/com.st.stm32cube.common.mx_6.15.0.202507011659
2025-10-23 13:18:39,247 [INFO] DbMcusXml:78 - Set database path to: /opt/st/stm32cubeide_1.19.0/plugins/com.st.stm32cube.common.mx_6.15.0.202507011659//db//mcu/
2025-10-23 13:18:39,247 [INFO] ApiDb:274 - Set plugin database path to: /opt/st/stm32cubeide_1.19.0/plugins/com.st.stm32cube.common.mx_6.15.0.202507011659//db//plugins/boardmanager/
2025-10-23 13:18:39,248 [WARN] ApiDb:259 - Overriding images path with different value:  => /opt/st/stm32cubeide_1.19.0/plugins/com.st.stm32cube.common.mx_6.15.0.202507011659//db//plugins/mcufinder/images/
2025-10-23 13:18:39,255 [INFO] ApiDb:250 - Set database path to: /home/elhaloua/.stmcufinder/plugins/mcufinder//mcu/
2025-10-23 13:18:39,257 [INFO] DbMcusAds:125 - Set database path to: /home/elhaloua/.stmcufinder/plugins/mcufinder//mcu/
2025-10-23 13:18:39,261 [INFO] CrossReferenceDbSqlite:203 - Set database path to: /home/elhaloua/.stmcufinder/plugins/mcufinder//mcu/cs/
2025-10-23 13:18:39,502 [INFO] RulesReader:64 - Compatibility file has been processed (317 Rules)
2025-10-23 13:18:39,621 [INFO] DbMcusXml:78 - Set database path to: /opt/st/stm32cubeide_1.19.0/plugins/com.st.stm32cube.common.mx_6.15.0.202507011659//db//mcu/
2025-10-23 13:18:39,621 [INFO] ApiDb:274 - Set plugin database path to: /opt/st/stm32cubeide_1.19.0/plugins/com.st.stm32cube.common.mx_6.15.0.202507011659//db//plugins/boardmanager/
2025-10-23 13:18:39,621 [INFO] ApiDb:261 - Set plugin images path to: /opt/st/stm32cubeide_1.19.0/plugins/com.st.stm32cube.common.mx_6.15.0.202507011659//db//plugins/mcufinder/images/
2025-10-23 13:18:39,622 [WARN] DbFile:41 - Overriding database path with different value: /home/elhaloua/.stmcufinder/plugins/mcufinder/ => /home/elhaloua/.stmcufinder/plugins/mcufinder
2025-10-23 13:18:39,622 [INFO] ApiDb:250 - Set database path to: /home/elhaloua/.stmcufinder/plugins/mcufinder//mcu/
2025-10-23 13:18:39,622 [WARN] DbFile:41 - Overriding database path with different value: /home/elhaloua/.stmcufinder/plugins/mcufinder/ => /home/elhaloua/.stmcufinder/plugins/mcufinder
2025-10-23 13:18:39,623 [INFO] DbMcusAds:125 - Set database path to: /home/elhaloua/.stmcufinder/plugins/mcufinder//mcu/
2025-10-23 13:18:39,623 [WARN] DbFile:41 - Overriding database path with different value: /home/elhaloua/.stmcufinder/plugins/mcufinder/ => /home/elhaloua/.stmcufinder/plugins/mcufinder
2025-10-23 13:18:39,623 [WARN] DbFile:41 - Overriding database path with different value: /home/elhaloua/.stmcufinder/plugins/mcufinder/ => /home/elhaloua/.stmcufinder/plugins/mcufinder
2025-10-23 13:18:39,623 [INFO] CrossReferenceDbSqlite:203 - Set database path to: /home/elhaloua/.stmcufinder/plugins/mcufinder//mcu/cs/
2025-10-23 13:18:39,726 [INFO] MainPanel:274 - HeapMemory: 268435456
2025-10-23 13:18:39,945 [INFO] DbMcusXml:78 - Set database path to: /opt/st/stm32cubeide_1.19.0/plugins/com.st.stm32cube.common.mx_6.15.0.202507011659//db//mcu/
2025-10-23 13:18:39,946 [INFO] ApiDb:274 - Set plugin database path to: /opt/st/stm32cubeide_1.19.0/plugins/com.st.stm32cube.common.mx_6.15.0.202507011659//db//plugins/boardmanager/
2025-10-23 13:18:39,946 [INFO] ApiDb:261 - Set plugin images path to: /opt/st/stm32cubeide_1.19.0/plugins/com.st.stm32cube.common.mx_6.15.0.202507011659//db//plugins/mcufinder/images/
2025-10-23 13:18:39,947 [WARN] DbFile:41 - Overriding database path with different value: /home/elhaloua/.stmcufinder/plugins/mcufinder/ => /home/elhaloua/.stmcufinder/plugins/mcufinder
2025-10-23 13:18:39,947 [INFO] ApiDb:250 - Set database path to: /home/elhaloua/.stmcufinder/plugins/mcufinder//mcu/
2025-10-23 13:18:39,947 [WARN] DbFile:41 - Overriding database path with different value: /home/elhaloua/.stmcufinder/plugins/mcufinder/ => /home/elhaloua/.stmcufinder/plugins/mcufinder
2025-10-23 13:18:39,948 [INFO] DbMcusAds:125 - Set database path to: /home/elhaloua/.stmcufinder/plugins/mcufinder//mcu/
2025-10-23 13:18:39,948 [WARN] DbFile:41 - Overriding database path with different value: /home/elhaloua/.stmcufinder/plugins/mcufinder/ => /home/elhaloua/.stmcufinder/plugins/mcufinder
2025-10-23 13:18:39,949 [WARN] DbFile:41 - Overriding database path with different value: /home/elhaloua/.stmcufinder/plugins/mcufinder/ => /home/elhaloua/.stmcufinder/plugins/mcufinder
2025-10-23 13:18:39,949 [INFO] CrossReferenceDbSqlite:203 - Set database path to: /home/elhaloua/.stmcufinder/plugins/mcufinder//mcu/cs/
2025-10-23 13:18:39,978 [INFO] ApplicationProperties:184 - Using Application install path: /opt/st/stm32cubeide_1.19.0/plugins/com.st.stm32cube.common.mx_6.15.0.202507011659
2025-10-23 13:18:39,981 [INFO] PluginManage:196 - Search for loadable plugins [exclusion list=, ]
2025-10-23 13:18:39,983 [INFO] PluginManage:310 - Check plugin analytics
2025-10-23 13:18:40,352 [INFO] AnalyticsPlugin:253 - Accepted Software Licenses: 
2025-10-23 13:18:40,352 [INFO] AnalyticsPlugin:255 - Accepted CMSIS Pack Licenses: 
2025-10-23 13:18:40,353 [INFO] AnalyticsPlugin:257 - Accepted Firmware Licenses: FW.WB.1.22.0,FW.WB.1.23.0
2025-10-23 13:18:40,359 [INFO] PluginManage:359 - Loaded plugin analytics (category:tool,tabindex:-1)
2025-10-23 13:18:40,359 [INFO] PluginManage:310 - Check plugin cadmodel
2025-10-23 13:18:40,366 [INFO] CADModel:105 - Init CAD model plugin
2025-10-23 13:18:40,367 [INFO] PluginManage:359 - Loaded plugin cadmodel (category:power,tabindex:5)
2025-10-23 13:18:40,368 [INFO] PluginManage:310 - Check plugin clock
2025-10-23 13:18:40,387 [INFO] PluginManage:359 - Loaded plugin clock (category:base,tabindex:2)
2025-10-23 13:18:40,388 [INFO] PluginManage:310 - Check plugin ddr
2025-10-23 13:18:40,391 [INFO] PluginManage:359 - Loaded plugin ddr (category:tool,tabindex:6)
2025-10-23 13:18:40,392 [INFO] PluginManage:310 - Check plugin filemanager
2025-10-23 13:18:40,656 [INFO] PluginManage:359 - Loaded plugin filemanager (category:base,tabindex:10)
2025-10-23 13:18:40,656 [INFO] PluginManage:310 - Check plugin ipmanager
2025-10-23 13:18:40,666 [INFO] PluginManage:359 - Loaded plugin ipmanager (category:base,tabindex:5)
2025-10-23 13:18:40,666 [INFO] PluginManage:310 - Check plugin lpbam
2025-10-23 13:18:40,687 [INFO] PluginManage:359 - Loaded plugin lpbam (category:base,tabindex:0)
2025-10-23 13:18:40,688 [INFO] PluginManage:310 - Check plugin memorymap
2025-10-23 13:18:40,757 [INFO] PluginManage:359 - Loaded plugin memorymap (category:base,tabindex:4)
2025-10-23 13:18:40,757 [INFO] PluginManage:310 - Check plugin pinoutandconfiguration
2025-10-23 13:18:40,777 [INFO] PluginManage:359 - Loaded plugin pinoutandconfiguration (category:base,tabindex:1)
2025-10-23 13:18:40,778 [INFO] PluginManage:310 - Check plugin pinoutconfig
2025-10-23 13:18:41,032 [WARN] SupportedApi:132 - Cannot load RTOS API schema: s4s-elt-must-match.1: The content of 'definitions' must match (annotation?, (simpleType | complexType)?, (unique | key | keyref)*)). A problem was found starting at: attribute.
2025-10-23 13:18:41,314 [INFO] PluginManage:359 - Loaded plugin pinoutconfig (category:base,tabindex:0)
2025-10-23 13:18:41,314 [INFO] PluginManage:310 - Check plugin power
2025-10-23 13:18:41,330 [INFO] PluginManage:359 - Loaded plugin power (category:power,tabindex:4)
2025-10-23 13:18:41,330 [INFO] PluginManage:310 - Check plugin projectmanager
2025-10-23 13:18:41,366 [INFO] PluginManage:359 - Loaded plugin projectmanager (category:projectmanager,tabindex:4)
2025-10-23 13:18:41,367 [INFO] PluginManage:310 - Check plugin rif
2025-10-23 13:18:41,383 [INFO] PluginManage:359 - Loaded plugin rif (category:base,tabindex:3)
2025-10-23 13:18:41,384 [INFO] PluginManage:310 - Check plugin thirdparty
2025-10-23 13:18:41,637 [INFO] PluginManage:359 - Loaded plugin thirdparty (category:base,tabindex:-1)
2025-10-23 13:18:41,636 [WARN] IntegrityCheckThread:84 - waiting for thirdparty lock release [integrity check]
2025-10-23 13:18:41,637 [INFO] IntegrityCheckThread:86 - entering critical section [integrity check]
2025-10-23 13:18:41,637 [INFO] PluginManage:310 - Check plugin tools
2025-10-23 13:18:41,638 [INFO] ThirdPartyUpdaterWithRetryManager:70 - Updater plugin not ready yet. [1/15]
2025-10-23 13:18:41,641 [INFO] PluginManage:359 - Loaded plugin tools (category:base,tabindex:7)
2025-10-23 13:18:41,642 [INFO] PluginManage:310 - Check plugin tutovideos
2025-10-23 13:18:41,975 [INFO] PluginManage:359 - Loaded plugin tutovideos (category:base,tabindex:-1)
2025-10-23 13:18:41,975 [INFO] PluginManage:310 - Check plugin updater
2025-10-23 13:18:42,016 [INFO] PluginManage:359 - Loaded plugin updater (category:base,tabindex:12)
2025-10-23 13:18:42,016 [INFO] PluginManage:310 - Check plugin userauth
2025-10-23 13:18:42,023 [INFO] UserAuth:118 - Init User Auth plugin
2025-10-23 13:18:42,025 [INFO] PluginManage:359 - Loaded plugin userauth (category:base,tabindex:14)
2025-10-23 13:18:42,026 [INFO] PluginManage:283 - PluginManage : Loaded plugins [18]
2025-10-23 13:18:42,338 [INFO] PinOutPanel:1589 - setPackage(No Configuration,No Configuration)
2025-10-23 13:18:42,469 [INFO] CADModel:165 - CPN selected for project level
2025-10-23 13:18:42,470 [INFO] CADModel:114 - Register for checkConnection events
2025-10-23 13:18:42,501 [INFO] IPUIPlugin:80 - create IPUIPlugin
2025-10-23 13:18:42,501 [INFO] PluginManager:220 - loadIPPluginJar : add adc
2025-10-23 13:18:42,505 [INFO] IPUIPlugin:80 - create IPUIPlugin
2025-10-23 13:18:42,505 [INFO] PluginManager:220 - loadIPPluginJar : add aes
2025-10-23 13:18:42,511 [INFO] IPUIPlugin:80 - create IPUIPlugin
2025-10-23 13:18:42,511 [INFO] PluginManager:220 - loadIPPluginJar : add can
2025-10-23 13:18:42,514 [INFO] IPUIPlugin:80 - create IPUIPlugin
2025-10-23 13:18:42,515 [INFO] PluginManager:220 - loadIPPluginJar : add comp
2025-10-23 13:18:42,518 [INFO] IPUIPlugin:80 - create IPUIPlugin
2025-10-23 13:18:42,519 [INFO] PluginManager:220 - loadIPPluginJar : add cryp
2025-10-23 13:18:42,522 [INFO] IPUIPlugin:80 - create IPUIPlugin
2025-10-23 13:18:42,522 [INFO] PluginManager:220 - loadIPPluginJar : add ddr_ctrl_phy
2025-10-23 13:18:42,526 [INFO] IPUIPlugin:80 - create IPUIPlugin
2025-10-23 13:18:42,527 [INFO] PluginManager:220 - loadIPPluginJar : add dfsdm
2025-10-23 13:18:42,535 [INFO] IPUIPlugin:80 - create IPUIPlugin
2025-10-23 13:18:42,536 [INFO] PluginManager:220 - loadIPPluginJar : add dma
2025-10-23 13:18:42,540 [INFO] IPUIPlugin:80 - create IPUIPlugin
2025-10-23 13:18:42,541 [INFO] PluginManager:220 - loadIPPluginJar : add dma3
2025-10-23 13:18:42,545 [INFO] IPUIPlugin:80 - create IPUIPlugin
2025-10-23 13:18:42,545 [INFO] PluginManager:220 - loadIPPluginJar : add extmemmanager
2025-10-23 13:18:42,547 [INFO] IPUIPlugin:80 - create IPUIPlugin
2025-10-23 13:18:42,548 [INFO] PluginManager:220 - loadIPPluginJar : add fatfs
2025-10-23 13:18:42,555 [INFO] IPUIPlugin:80 - create IPUIPlugin
2025-10-23 13:18:42,555 [INFO] PluginManager:220 - loadIPPluginJar : add fmc
2025-10-23 13:18:42,564 [INFO] IPUIPlugin:80 - create IPUIPlugin
2025-10-23 13:18:42,564 [INFO] PluginManager:220 - loadIPPluginJar : add freertos
2025-10-23 13:18:42,566 [INFO] IPUIPlugin:80 - create IPUIPlugin
2025-10-23 13:18:42,567 [INFO] PluginManager:220 - loadIPPluginJar : add genericplugin
2025-10-23 13:18:42,570 [INFO] IPUIPlugin:80 - create IPUIPlugin
2025-10-23 13:18:42,570 [INFO] PluginManager:220 - loadIPPluginJar : add gfxmmu
2025-10-23 13:18:42,578 [INFO] IPUIPlugin:80 - create IPUIPlugin
2025-10-23 13:18:42,579 [INFO] PluginManager:220 - loadIPPluginJar : add gic
2025-10-23 13:18:42,586 [INFO] IPUIPlugin:80 - create IPUIPlugin
2025-10-23 13:18:42,586 [INFO] PluginManager:220 - loadIPPluginJar : add gpio
2025-10-23 13:18:42,590 [INFO] IPUIPlugin:80 - create IPUIPlugin
2025-10-23 13:18:42,591 [INFO] PluginManager:220 - loadIPPluginJar : add gtzc
2025-10-23 13:18:42,594 [INFO] IPUIPlugin:80 - create IPUIPlugin
2025-10-23 13:18:42,595 [INFO] PluginManager:220 - loadIPPluginJar : add hash
2025-10-23 13:18:42,599 [INFO] IPUIPlugin:80 - create IPUIPlugin
2025-10-23 13:18:42,599 [INFO] PluginManager:220 - loadIPPluginJar : add i2c
2025-10-23 13:18:42,603 [INFO] IPUIPlugin:80 - create IPUIPlugin
2025-10-23 13:18:42,604 [INFO] PluginManager:220 - loadIPPluginJar : add i2s
2025-10-23 13:18:42,609 [INFO] IPUIPlugin:80 - create IPUIPlugin
2025-10-23 13:18:42,610 [INFO] PluginManager:220 - loadIPPluginJar : add i3c
2025-10-23 13:18:42,617 [INFO] IPUIPlugin:80 - create IPUIPlugin
2025-10-23 13:18:42,617 [INFO] PluginManager:220 - loadIPPluginJar : add ipddr
2025-10-23 13:18:42,632 [INFO] IPUIPlugin:80 - create IPUIPlugin
2025-10-23 13:18:42,633 [INFO] PluginManager:220 - loadIPPluginJar : add linkedlist
2025-10-23 13:18:42,639 [INFO] IPUIPlugin:80 - create IPUIPlugin
2025-10-23 13:18:42,639 [INFO] PluginManager:220 - loadIPPluginJar : add lorawan
2025-10-23 13:18:42,641 [INFO] IPUIPlugin:80 - create IPUIPlugin
2025-10-23 13:18:42,642 [INFO] PluginManager:220 - loadIPPluginJar : add ltdc
2025-10-23 13:18:42,653 [INFO] IPUIPlugin:80 - create IPUIPlugin
2025-10-23 13:18:42,654 [INFO] PluginManager:220 - loadIPPluginJar : add mdma
2025-10-23 13:18:42,661 [INFO] IPUIPlugin:80 - create IPUIPlugin
2025-10-23 13:18:42,662 [INFO] PluginManager:220 - loadIPPluginJar : add nvic
2025-10-23 13:18:42,667 [INFO] IPUIPlugin:80 - create IPUIPlugin
2025-10-23 13:18:42,668 [INFO] PluginManager:220 - loadIPPluginJar : add opamp
2025-10-23 13:18:42,673 [INFO] IPUIPlugin:80 - create IPUIPlugin
2025-10-23 13:18:42,673 [INFO] PluginManager:220 - loadIPPluginJar : add openamp
2025-10-23 13:18:42,678 [INFO] IPUIPlugin:80 - create IPUIPlugin
2025-10-23 13:18:42,678 [INFO] PluginManager:220 - loadIPPluginJar : add pdm2pcm
2025-10-23 13:18:42,688 [INFO] IPUIPlugin:80 - create IPUIPlugin
2025-10-23 13:18:42,695 [INFO] PluginManager:220 - loadIPPluginJar : add plateformsettings
2025-10-23 13:18:42,698 [INFO] IPUIPlugin:80 - create IPUIPlugin
2025-10-23 13:18:42,698 [INFO] PluginManager:220 - loadIPPluginJar : add quadspi
2025-10-23 13:18:42,702 [INFO] IPUIPlugin:80 - create IPUIPlugin
2025-10-23 13:18:42,704 [INFO] PluginManager:220 - loadIPPluginJar : add radio
2025-10-23 13:18:42,709 [INFO] IPUIPlugin:80 - create IPUIPlugin
2025-10-23 13:18:42,709 [INFO] PluginManager:220 - loadIPPluginJar : add resmgrutility
2025-10-23 13:18:42,714 [INFO] IPUIPlugin:80 - create IPUIPlugin
2025-10-23 13:18:42,714 [INFO] PluginManager:220 - loadIPPluginJar : add sai
2025-10-23 13:18:42,719 [INFO] IPUIPlugin:80 - create IPUIPlugin
2025-10-23 13:18:42,719 [INFO] PluginManager:220 - loadIPPluginJar : add spi
2025-10-23 13:18:42,730 [INFO] IPUIPlugin:80 - create IPUIPlugin
2025-10-23 13:18:42,730 [INFO] PluginManager:220 - loadIPPluginJar : add stm32_wpan
2025-10-23 13:18:42,734 [INFO] IPUIPlugin:80 - create IPUIPlugin
2025-10-23 13:18:42,734 [INFO] PluginManager:220 - loadIPPluginJar : add tim
2025-10-23 13:18:42,741 [INFO] IPUIPlugin:80 - create IPUIPlugin
2025-10-23 13:18:42,742 [INFO] PluginManager:220 - loadIPPluginJar : add touchsensing
2025-10-23 13:18:42,745 [INFO] IPUIPlugin:80 - create IPUIPlugin
2025-10-23 13:18:42,746 [INFO] PluginManager:220 - loadIPPluginJar : add tracer_emb
2025-10-23 13:18:42,749 [INFO] IPUIPlugin:80 - create IPUIPlugin
2025-10-23 13:18:42,750 [INFO] PluginManager:220 - loadIPPluginJar : add ts
2025-10-23 13:18:42,752 [INFO] IPUIPlugin:80 - create IPUIPlugin
2025-10-23 13:18:42,753 [INFO] PluginManager:220 - loadIPPluginJar : add tsc
2025-10-23 13:18:42,756 [INFO] IPUIPlugin:80 - create IPUIPlugin
2025-10-23 13:18:42,756 [INFO] PluginManager:220 - loadIPPluginJar : add ucpd
2025-10-23 13:18:42,762 [INFO] IPUIPlugin:80 - create IPUIPlugin
2025-10-23 13:18:42,762 [INFO] PluginManager:220 - loadIPPluginJar : add usart
2025-10-23 13:18:42,769 [INFO] IPUIPlugin:80 - create IPUIPlugin
2025-10-23 13:18:42,770 [INFO] PluginManager:220 - loadIPPluginJar : add usbx
2025-10-23 13:18:42,925 [FATAL] Updater:351 - Updater called before beeing initialized
2025-10-23 13:18:42,989 [INFO] RulesReader:64 - Compatibility file has been processed (317 Rules)
2025-10-23 13:18:43,021 [INFO] RulesReader:64 - Compatibility file has been processed (317 Rules)
2025-10-23 13:18:43,035 [INFO] CADModel:165 - CPN selected for project level
2025-10-23 13:18:43,035 [INFO] CADModel:114 - Register for checkConnection events
2025-10-23 13:18:43,035 [FATAL] Updater:351 - Updater called before beeing initialized
2025-10-23 13:18:43,035 [ERROR] CADModel:125 - Updater not yet initialized, retry later 
2025-10-23 13:18:43,277 [FATAL] Updater:351 - Updater called before beeing initialized
2025-10-23 13:18:43,280 [INFO] CADModel:165 - CPN selected for project level
2025-10-23 13:18:43,281 [INFO] CADModel:114 - Register for checkConnection events
2025-10-23 13:18:43,281 [FATAL] Updater:351 - Updater called before beeing initialized
2025-10-23 13:18:43,281 [ERROR] CADModel:125 - Updater not yet initialized, retry later 
2025-10-23 13:18:43,288 [FATAL] Updater:351 - Updater called before beeing initialized
2025-10-23 13:18:43,927 [FATAL] Updater:351 - Updater called before beeing initialized
2025-10-23 13:18:43,938 [INFO] DbMcusAds:53 - JSON generation date=Thu Oct 02 10:36:05 WEST 2025 (1759397765645)
2025-10-23 13:18:43,938 [FATAL] Updater:351 - Updater called before beeing initialized
2025-10-23 13:18:44,045 [WARN] DetailPanel:346 - Failed to get advertising image, set to default
2025-10-23 13:18:44,243 [FATAL] Updater:351 - Updater called before beeing initialized
2025-10-23 13:18:44,246 [FATAL] Updater:351 - Updater called before beeing initialized
2025-10-23 13:18:44,246 [FATAL] Updater:351 - Updater called before beeing initialized
2025-10-23 13:18:44,246 [WARN] DetailPanel:346 - Failed to get advertising image, set to default
2025-10-23 13:18:44,248 [FATAL] Updater:351 - Updater called before beeing initialized
2025-10-23 13:18:44,309 [ERROR] Updater:1198 - MainUpdater not yet initialized. External WinMGr cannot be set.
2025-10-23 13:18:44,312 [INFO] Updater:1134 - Updater Version found : 6.15.0
2025-10-23 13:18:44,342 [INFO] ApplicationProperties:184 - Using Application install path: /opt/st/stm32cubeide_1.19.0/plugins/com.st.stm32cube.common.mx_6.15.0.202507011659
2025-10-23 13:18:44,639 [INFO] ThirdPartyUpdaterWithRetryManager:70 - Updater plugin not ready yet. [2/15]
2025-10-23 13:18:45,297 [INFO] MainUpdater:2872 - connection check result : 10
2025-10-23 13:18:45,298 [INFO] MainUpdater:289 - Updater Check For Update Now.
2025-10-23 13:18:45,299 [INFO] MicroXplorer:498 - Change Database Version : DB.6.0.150
2025-10-23 13:18:45,308 [INFO] McuFinderGlobals:63 - Set McuFinder mode to 2 (CubeIDE integrated)
2025-10-23 13:18:45,325 [INFO] UserAuth:487 - Internet connection configuration mode: 1
2025-10-23 13:18:45,541 [INFO] JxBrowserEngine:152 - Initiate JxBrowser Engine with user profile folder
2025-10-23 13:18:45,675 [INFO] CheckServerUpdateThread:120 - End of CheckServer Thread
2025-10-23 13:18:48,656 [WARN] PackLoader:240 - Cannot read IP mode file for STMicroelectronics.X-CUBE-IPS.3.2.0
2025-10-23 13:18:48,783 [WARN] PackLoader:240 - Cannot read IP mode file for STMicroelectronics.X-CUBE-ST60.1.1.0
2025-10-23 13:18:48,902 [WARN] PackLoader:240 - Cannot read IP mode file for STMicroelectronics.X-CUBE-IPS.3.1.0
2025-10-23 13:18:49,012 [WARN] PackLoader:240 - Cannot read IP mode file for STMicroelectronics.X-CUBE-ST60.1.0.0
2025-10-23 13:18:49,147 [WARN] PackLoader:240 - Cannot read IP mode file for STMicroelectronics.X-CUBE-TOUCHGFX.4.26.0
2025-10-23 13:18:49,249 [WARN] PackLoader:240 - Cannot read IP mode file for STMicroelectronics.X-CUBE-TOUCHGFX.4.25.0
2025-10-23 13:18:49,389 [WARN] PackLoader:240 - Cannot read IP mode file for STMicroelectronics.X-CUBE-STSE01.1.0.0
2025-10-23 13:18:49,501 [WARN] PackLoader:240 - Cannot read IP mode file for STMicroelectronics.X-CUBE-ST67W61.1.1.0
2025-10-23 13:18:49,505 [INFO] ThirdParty:978 - Integrity check success = true
2025-10-23 13:18:49,505 [INFO] IntegrityCheckThread:100 - exiting critical section [integrity check]
2025-10-23 13:18:49,505 [INFO] IntegrityCheckThread:103 - End integrity checks thread
2025-10-23 13:18:57,701 [INFO] WebApp:169 - Instantiating new browser for Auth
2025-10-23 13:18:59,599 [INFO] WebApp:463 - Apply proxy settings
2025-10-23 13:18:59,599 [INFO] WebApp:548 - Chromium requires no authentication
2025-10-23 13:18:59,613 [INFO] WebApp:491 - Direct internet connection detected
2025-10-23 13:18:59,643 [INFO] WebApp:900 - Register for checkConnection events
2025-10-23 13:18:59,644 [INFO] WebApp:463 - Apply proxy settings
2025-10-23 13:18:59,644 [INFO] WebApp:548 - Chromium requires no authentication
2025-10-23 13:18:59,645 [INFO] WebApp:491 - Direct internet connection detected
2025-10-23 13:18:59,872 [INFO] WebApp:225 - Starting web application
2025-10-23 13:18:59,873 [INFO] WebApp:593 - Web application path used /opt/st/stm32cubeide_1.19.0/plugins/com.st.stm32cube.common.mx_6.15.0.202507011659/db/plugins/mcufinder/reactClient1/index.html
2025-10-23 13:19:00,307 [INFO] UserAuth:487 - Internet connection configuration mode: 1
2025-10-23 13:19:01,898 [INFO] WebApp:191 - Connection restablished
